<?xml version="1.0" encoding="UTF-8"?>
<!-- Generated by org.testng.reporters.JUnitReportReporter -->
<testsuite hostname="L-158047823" failures="0" tests="1" name="Locators2.Locators2" time="27.718" errors="0" timestamp="2023-05-18T16:57:42 IST" skipped="0">
  <testcase classname="Locators2.Locators2" name="OpenCar" time="27.718"/>
  <system-out/>
</testsuite> <!-- Locators2.Locators2 -->
